;  LST file generated by mikroListExporter - v.2.0 
; Date/Time: 31-Jul-23 4:44:34 PM
;----------------------------------------------

;Address Opcode 	ASM
0x0000	0x28FF      	GOTO       255
_____DoICP:
;__Lib_System.c,6 :: 		
;__Lib_System.c,9 :: 		
0x0003	0x1283      	BCF        STATUS, 5
0x0004	0x1303      	BCF        STATUS, 6
0x0005	0x0821      	MOVF       ___DoICPAddr+1, 0
0x0006	0x008A      	MOVWF      PCLATH
;__Lib_System.c,10 :: 		
0x0007	0x0820      	MOVF       ___DoICPAddr, 0
0x0008	0x0082      	MOVWF      PCL
;__Lib_System.c,12 :: 		
L_end_____DoICP:
0x0009	0x0008      	RETURN
; end of _____DoICP
___CC2DW:
;__Lib_System.c,134 :: 		
;__Lib_System.c,137 :: 		
_CC2D_Loop1:
;__Lib_System.c,139 :: 		
0x000A	0x2003      	CALL       _____DoICP
0x000B	0x118A      	BCF        PCLATH, 3
0x000C	0x120A      	BCF        PCLATH, 4
;__Lib_System.c,141 :: 		
0x000D	0x0080      	MOVWF      INDF
;__Lib_System.c,142 :: 		
0x000E	0x0A84      	INCF       FSR, 1
;__Lib_System.c,143 :: 		
0x000F	0x0AA0      	INCF       ___DoICPAddr, 1
;__Lib_System.c,145 :: 		
0x0010	0x1903      	BTFSC      STATUS, 2
;__Lib_System.c,146 :: 		
0x0011	0x0AA1      	INCF       ___DoICPAddr+1, 1
;__Lib_System.c,147 :: 		
0x0012	0x03F0      	DECF       R0, 1
;__Lib_System.c,149 :: 		
0x0013	0x1D03      	BTFSS      STATUS, 2
;__Lib_System.c,150 :: 		
0x0014	0x280A      	GOTO       _CC2D_Loop1
;__Lib_System.c,152 :: 		
L_end___CC2DW:
0x0015	0x0008      	RETURN
; end of ___CC2DW
_counter:
;Traffic_Light.c,13 :: 		void counter(int c,int x){
;Traffic_Light.c,14 :: 		int arr [] ={0,1,2,3,4,5,6,7,8,9,16,17,18,19,20,21,22,23,24,25,32,33,34,35};
0x0016	0x3023      	MOVLW      ?ICScounter_arr_L0
0x0017	0x1283      	BCF        STATUS, 5
0x0018	0x1303      	BCF        STATUS, 6
0x0019	0x00A0      	MOVWF      ___DoICPAddr
0x001A	0x3001      	MOVLW      hi_addr(?ICScounter_arr_L0)
0x001B	0x00A1      	MOVWF      ___DoICPAddr+1
0x001C	0x3026      	MOVLW      counter_arr_L0
0x001D	0x0084      	MOVWF      FSR
0x001E	0x3030      	MOVLW      48
0x001F	0x00F0      	MOVWF      R0
0x0020	0x200A      	CALL       ___CC2DW
;Traffic_Light.c,15 :: 		for(;c>-1;c--){
L_counter0:
0x0021	0x307F      	MOVLW      127
0x0022	0x00F0      	MOVWF      R0
0x0023	0x3080      	MOVLW      128
0x0024	0x0623      	XORWF      FARG_counter_c+1, 0
0x0025	0x0270      	SUBWF      R0, 0
0x0026	0x1D03      	BTFSS      STATUS, 2
0x0027	0x282A      	GOTO       L__counter39
0x0028	0x0822      	MOVF       FARG_counter_c, 0
0x0029	0x3CFF      	SUBLW      255
L__counter39:
0x002A	0x1803      	BTFSC      STATUS, 0
0x002B	0x28A2      	GOTO       L_counter1
;Traffic_Light.c,16 :: 		portc=255;
0x002C	0x30FF      	MOVLW      255
0x002D	0x0087      	MOVWF      PORTC
;Traffic_Light.c,17 :: 		displays=arr[c];
0x002E	0x0822      	MOVF       FARG_counter_c, 0
0x002F	0x00F0      	MOVWF      R0
0x0030	0x0823      	MOVF       FARG_counter_c+1, 0
0x0031	0x00F1      	MOVWF      R0+1
0x0032	0x0DF0      	RLF        R0, 1
0x0033	0x0DF1      	RLF        R0+1, 1
0x0034	0x1070      	BCF        R0, 0
0x0035	0x0870      	MOVF       R0, 0
0x0036	0x3E26      	ADDLW      counter_arr_L0
0x0037	0x0084      	MOVWF      FSR
0x0038	0x0800      	MOVF       INDF, 0
0x0039	0x0086      	MOVWF      PORTB
;Traffic_Light.c,18 :: 		if(x==1){
0x003A	0x3000      	MOVLW      0
0x003B	0x0625      	XORWF      FARG_counter_x+1, 0
0x003C	0x1D03      	BTFSS      STATUS, 2
0x003D	0x2840      	GOTO       L__counter40
0x003E	0x3001      	MOVLW      1
0x003F	0x0624      	XORWF      FARG_counter_x, 0
L__counter40:
0x0040	0x1D03      	BTFSS      STATUS, 2
0x0041	0x285B      	GOTO       L_counter3
;Traffic_Light.c,19 :: 		portd.B3=1;
0x0042	0x1588      	BSF        PORTD, 3
;Traffic_Light.c,20 :: 		portd.B1=1;
0x0043	0x1488      	BSF        PORTD, 1
;Traffic_Light.c,21 :: 		if(c==20||c<20){
0x0044	0x3000      	MOVLW      0
0x0045	0x0623      	XORWF      FARG_counter_c+1, 0
0x0046	0x1D03      	BTFSS      STATUS, 2
0x0047	0x284A      	GOTO       L__counter41
0x0048	0x3014      	MOVLW      20
0x0049	0x0622      	XORWF      FARG_counter_c, 0
L__counter41:
0x004A	0x1903      	BTFSC      STATUS, 2
0x004B	0x2858      	GOTO       L__counter37
0x004C	0x3080      	MOVLW      128
0x004D	0x0623      	XORWF      FARG_counter_c+1, 0
0x004E	0x00F0      	MOVWF      R0
0x004F	0x3080      	MOVLW      128
0x0050	0x0270      	SUBWF      R0, 0
0x0051	0x1D03      	BTFSS      STATUS, 2
0x0052	0x2855      	GOTO       L__counter42
0x0053	0x3014      	MOVLW      20
0x0054	0x0222      	SUBWF      FARG_counter_c, 0
L__counter42:
0x0055	0x1C03      	BTFSS      STATUS, 0
0x0056	0x2858      	GOTO       L__counter37
0x0057	0x285A      	GOTO       L_counter6
L__counter37:
;Traffic_Light.c,22 :: 		portd.B1=0;
0x0058	0x1088      	BCF        PORTD, 1
;Traffic_Light.c,23 :: 		portd.B2=1;
0x0059	0x1508      	BSF        PORTD, 2
;Traffic_Light.c,24 :: 		}
L_counter6:
;Traffic_Light.c,25 :: 		}
0x005A	0x288F      	GOTO       L_counter7
L_counter3:
;Traffic_Light.c,26 :: 		else if(x==2){
0x005B	0x3000      	MOVLW      0
0x005C	0x0625      	XORWF      FARG_counter_x+1, 0
0x005D	0x1D03      	BTFSS      STATUS, 2
0x005E	0x2861      	GOTO       L__counter43
0x005F	0x3002      	MOVLW      2
0x0060	0x0624      	XORWF      FARG_counter_x, 0
L__counter43:
0x0061	0x1D03      	BTFSS      STATUS, 2
0x0062	0x287C      	GOTO       L_counter8
;Traffic_Light.c,27 :: 		portd.B0=1;
0x0063	0x1408      	BSF        PORTD, 0
;Traffic_Light.c,28 :: 		portd.B4=1;
0x0064	0x1608      	BSF        PORTD, 4
;Traffic_Light.c,29 :: 		if(c==12||c<12){
0x0065	0x3000      	MOVLW      0
0x0066	0x0623      	XORWF      FARG_counter_c+1, 0
0x0067	0x1D03      	BTFSS      STATUS, 2
0x0068	0x286B      	GOTO       L__counter44
0x0069	0x300C      	MOVLW      12
0x006A	0x0622      	XORWF      FARG_counter_c, 0
L__counter44:
0x006B	0x1903      	BTFSC      STATUS, 2
0x006C	0x2879      	GOTO       L__counter36
0x006D	0x3080      	MOVLW      128
0x006E	0x0623      	XORWF      FARG_counter_c+1, 0
0x006F	0x00F0      	MOVWF      R0
0x0070	0x3080      	MOVLW      128
0x0071	0x0270      	SUBWF      R0, 0
0x0072	0x1D03      	BTFSS      STATUS, 2
0x0073	0x2876      	GOTO       L__counter45
0x0074	0x300C      	MOVLW      12
0x0075	0x0222      	SUBWF      FARG_counter_c, 0
L__counter45:
0x0076	0x1C03      	BTFSS      STATUS, 0
0x0077	0x2879      	GOTO       L__counter36
0x0078	0x287B      	GOTO       L_counter11
L__counter36:
;Traffic_Light.c,30 :: 		portd.B4=0;
0x0079	0x1208      	BCF        PORTD, 4
;Traffic_Light.c,31 :: 		portd.B5=1;
0x007A	0x1688      	BSF        PORTD, 5
;Traffic_Light.c,32 :: 		}
L_counter11:
;Traffic_Light.c,33 :: 		}
0x007B	0x288F      	GOTO       L_counter12
L_counter8:
;Traffic_Light.c,34 :: 		else if(x==3){
0x007C	0x3000      	MOVLW      0
0x007D	0x0625      	XORWF      FARG_counter_x+1, 0
0x007E	0x1D03      	BTFSS      STATUS, 2
0x007F	0x2882      	GOTO       L__counter46
0x0080	0x3003      	MOVLW      3
0x0081	0x0624      	XORWF      FARG_counter_x, 0
L__counter46:
0x0082	0x1D03      	BTFSS      STATUS, 2
0x0083	0x2886      	GOTO       L_counter13
;Traffic_Light.c,35 :: 		portd.B1=1;
0x0084	0x1488      	BSF        PORTD, 1
;Traffic_Light.c,36 :: 		}
0x0085	0x288F      	GOTO       L_counter14
L_counter13:
;Traffic_Light.c,37 :: 		else if(x==4){
0x0086	0x3000      	MOVLW      0
0x0087	0x0625      	XORWF      FARG_counter_x+1, 0
0x0088	0x1D03      	BTFSS      STATUS, 2
0x0089	0x288C      	GOTO       L__counter47
0x008A	0x3004      	MOVLW      4
0x008B	0x0624      	XORWF      FARG_counter_x, 0
L__counter47:
0x008C	0x1D03      	BTFSS      STATUS, 2
0x008D	0x288F      	GOTO       L_counter15
;Traffic_Light.c,38 :: 		portd.B4=1;
0x008E	0x1608      	BSF        PORTD, 4
;Traffic_Light.c,39 :: 		}
L_counter15:
L_counter14:
L_counter12:
L_counter7:
;Traffic_Light.c,40 :: 		delay_ms(1000);
0x008F	0x300B      	MOVLW      11
0x0090	0x00FB      	MOVWF      R11
0x0091	0x3026      	MOVLW      38
0x0092	0x00FC      	MOVWF      R12
0x0093	0x305D      	MOVLW      93
0x0094	0x00FD      	MOVWF      R13
L_counter16:
0x0095	0x0BFD      	DECFSZ     R13, 1
0x0096	0x2895      	GOTO       L_counter16
0x0097	0x0BFC      	DECFSZ     R12, 1
0x0098	0x2895      	GOTO       L_counter16
0x0099	0x0BFB      	DECFSZ     R11, 1
0x009A	0x2895      	GOTO       L_counter16
0x009B	0x0000      	NOP
0x009C	0x0000      	NOP
;Traffic_Light.c,15 :: 		for(;c>-1;c--){
0x009D	0x3001      	MOVLW      1
0x009E	0x02A2      	SUBWF      FARG_counter_c, 1
0x009F	0x1C03      	BTFSS      STATUS, 0
0x00A0	0x03A3      	DECF       FARG_counter_c+1, 1
;Traffic_Light.c,41 :: 		}
0x00A1	0x2821      	GOTO       L_counter0
L_counter1:
;Traffic_Light.c,42 :: 		if(x==1){portd.B3=0;  portd.B2=0;  portd.B1=0;}
0x00A2	0x3000      	MOVLW      0
0x00A3	0x0625      	XORWF      FARG_counter_x+1, 0
0x00A4	0x1D03      	BTFSS      STATUS, 2
0x00A5	0x28A8      	GOTO       L__counter48
0x00A6	0x3001      	MOVLW      1
0x00A7	0x0624      	XORWF      FARG_counter_x, 0
L__counter48:
0x00A8	0x1D03      	BTFSS      STATUS, 2
0x00A9	0x28AE      	GOTO       L_counter17
0x00AA	0x1188      	BCF        PORTD, 3
0x00AB	0x1108      	BCF        PORTD, 2
0x00AC	0x1088      	BCF        PORTD, 1
0x00AD	0x28B9      	GOTO       L_counter18
L_counter17:
;Traffic_Light.c,43 :: 		else if(x==2){portd.B0=0;  portd.B5=0;  portd.B4=0;}
0x00AE	0x3000      	MOVLW      0
0x00AF	0x0625      	XORWF      FARG_counter_x+1, 0
0x00B0	0x1D03      	BTFSS      STATUS, 2
0x00B1	0x28B4      	GOTO       L__counter49
0x00B2	0x3002      	MOVLW      2
0x00B3	0x0624      	XORWF      FARG_counter_x, 0
L__counter49:
0x00B4	0x1D03      	BTFSS      STATUS, 2
0x00B5	0x28B9      	GOTO       L_counter19
0x00B6	0x1008      	BCF        PORTD, 0
0x00B7	0x1288      	BCF        PORTD, 5
0x00B8	0x1208      	BCF        PORTD, 4
L_counter19:
L_counter18:
;Traffic_Light.c,44 :: 		}
L_end_counter:
0x00B9	0x0008      	RETURN
; end of _counter
_automatic:
;Traffic_Light.c,46 :: 		void automatic(){
;Traffic_Light.c,47 :: 		for(;;){
L_automatic20:
;Traffic_Light.c,48 :: 		counter(reds,case1);
0x00BA	0x3017      	MOVLW      23
0x00BB	0x1283      	BCF        STATUS, 5
0x00BC	0x1303      	BCF        STATUS, 6
0x00BD	0x00A2      	MOVWF      FARG_counter_c
0x00BE	0x3000      	MOVLW      0
0x00BF	0x00A3      	MOVWF      FARG_counter_c+1
0x00C0	0x3001      	MOVLW      1
0x00C1	0x00A4      	MOVWF      FARG_counter_x
0x00C2	0x3000      	MOVLW      0
0x00C3	0x00A5      	MOVWF      FARG_counter_x+1
0x00C4	0x2016      	CALL       _counter
;Traffic_Light.c,49 :: 		counter(redw,case2);
0x00C5	0x300F      	MOVLW      15
0x00C6	0x00A2      	MOVWF      FARG_counter_c
0x00C7	0x3000      	MOVLW      0
0x00C8	0x00A3      	MOVWF      FARG_counter_c+1
0x00C9	0x3002      	MOVLW      2
0x00CA	0x00A4      	MOVWF      FARG_counter_x
0x00CB	0x3000      	MOVLW      0
0x00CC	0x00A5      	MOVWF      FARG_counter_x+1
0x00CD	0x2016      	CALL       _counter
;Traffic_Light.c,50 :: 		if (porta.B0==1){ break; }
0x00CE	0x1C05      	BTFSS      PORTA, 0
0x00CF	0x28D1      	GOTO       L_automatic23
0x00D0	0x28D2      	GOTO       L_automatic21
L_automatic23:
;Traffic_Light.c,51 :: 		}
0x00D1	0x28BA      	GOTO       L_automatic20
L_automatic21:
;Traffic_Light.c,52 :: 		}
L_end_automatic:
0x00D2	0x0008      	RETURN
; end of _automatic
_manual:
;Traffic_Light.c,54 :: 		void manual(){
;Traffic_Light.c,55 :: 		for(;;){
L_manual24:
;Traffic_Light.c,56 :: 		if (porta.B0==1){
0x00D3	0x1283      	BCF        STATUS, 5
0x00D4	0x1303      	BCF        STATUS, 6
0x00D5	0x1C05      	BTFSS      PORTA, 0
0x00D6	0x28FA      	GOTO       L_manual27
;Traffic_Light.c,57 :: 		portd.B0=1;
0x00D7	0x1408      	BSF        PORTD, 0
;Traffic_Light.c,58 :: 		portd.b5=1;
0x00D8	0x1688      	BSF        PORTD, 5
;Traffic_Light.c,59 :: 		while (porta.B2);
L_manual28:
0x00D9	0x1D05      	BTFSS      PORTA, 2
0x00DA	0x28DC      	GOTO       L_manual29
0x00DB	0x28D9      	GOTO       L_manual28
L_manual29:
;Traffic_Light.c,60 :: 		portd.B0=0;
0x00DC	0x1008      	BCF        PORTD, 0
;Traffic_Light.c,61 :: 		portd.b5=0;
0x00DD	0x1288      	BCF        PORTD, 5
;Traffic_Light.c,62 :: 		portd.b3=1;
0x00DE	0x1588      	BSF        PORTD, 3
;Traffic_Light.c,63 :: 		counter(yellow,case3);
0x00DF	0x3003      	MOVLW      3
0x00E0	0x00A2      	MOVWF      FARG_counter_c
0x00E1	0x3000      	MOVLW      0
0x00E2	0x00A3      	MOVWF      FARG_counter_c+1
0x00E3	0x3003      	MOVLW      3
0x00E4	0x00A4      	MOVWF      FARG_counter_x
0x00E5	0x3000      	MOVLW      0
0x00E6	0x00A5      	MOVWF      FARG_counter_x+1
0x00E7	0x2016      	CALL       _counter
;Traffic_Light.c,64 :: 		portd.B1=0;
0x00E8	0x1088      	BCF        PORTD, 1
;Traffic_Light.c,65 :: 		portd.B2=1;
0x00E9	0x1508      	BSF        PORTD, 2
;Traffic_Light.c,66 :: 		while (porta.B2);
L_manual30:
0x00EA	0x1D05      	BTFSS      PORTA, 2
0x00EB	0x28ED      	GOTO       L_manual31
0x00EC	0x28EA      	GOTO       L_manual30
L_manual31:
;Traffic_Light.c,67 :: 		portd.b3=0;
0x00ED	0x1188      	BCF        PORTD, 3
;Traffic_Light.c,68 :: 		counter(yellow,case4);
0x00EE	0x3003      	MOVLW      3
0x00EF	0x00A2      	MOVWF      FARG_counter_c
0x00F0	0x3000      	MOVLW      0
0x00F1	0x00A3      	MOVWF      FARG_counter_c+1
0x00F2	0x3004      	MOVLW      4
0x00F3	0x00A4      	MOVWF      FARG_counter_x
0x00F4	0x3000      	MOVLW      0
0x00F5	0x00A5      	MOVWF      FARG_counter_x+1
0x00F6	0x2016      	CALL       _counter
;Traffic_Light.c,69 :: 		portd.B2=0;
0x00F7	0x1108      	BCF        PORTD, 2
;Traffic_Light.c,70 :: 		portd.B4=0;
0x00F8	0x1208      	BCF        PORTD, 4
;Traffic_Light.c,71 :: 		}
0x00F9	0x28FD      	GOTO       L_manual32
L_manual27:
;Traffic_Light.c,72 :: 		else if (porta.B0==0){
0x00FA	0x1805      	BTFSC      PORTA, 0
0x00FB	0x28FD      	GOTO       L_manual33
;Traffic_Light.c,73 :: 		automatic();
0x00FC	0x20BA      	CALL       _automatic
;Traffic_Light.c,74 :: 		}
L_manual33:
L_manual32:
;Traffic_Light.c,75 :: 		}
0x00FD	0x28D3      	GOTO       L_manual24
;Traffic_Light.c,76 :: 		}
L_end_manual:
0x00FE	0x0008      	RETURN
; end of _manual
_main:
;Traffic_Light.c,78 :: 		void main() {
;Traffic_Light.c,79 :: 		trisb=0b00000000;  displays=0;     trisd=0b00000000;  portd=0;
0x00FF	0x1683      	BSF        STATUS, 5
0x0100	0x1303      	BCF        STATUS, 6
0x0101	0x0186      	CLRF       TRISB
0x0102	0x1283      	BCF        STATUS, 5
0x0103	0x0186      	CLRF       PORTB
0x0104	0x1683      	BSF        STATUS, 5
0x0105	0x0188      	CLRF       TRISD
0x0106	0x1283      	BCF        STATUS, 5
0x0107	0x0188      	CLRF       PORTD
;Traffic_Light.c,80 :: 		trisc.B0=0;        trisc.B1=0;     trisc.B2=0;        trisc.B3=0;
0x0108	0x1683      	BSF        STATUS, 5
0x0109	0x1007      	BCF        TRISC, 0
0x010A	0x1087      	BCF        TRISC, 1
0x010B	0x1107      	BCF        TRISC, 2
0x010C	0x1187      	BCF        TRISC, 3
;Traffic_Light.c,81 :: 		portc.B0=0;        portc.B1=0;     portc.B2=0;        portc.B3=0;
0x010D	0x1283      	BCF        STATUS, 5
0x010E	0x1007      	BCF        PORTC, 0
0x010F	0x1087      	BCF        PORTC, 1
0x0110	0x1107      	BCF        PORTC, 2
0x0111	0x1187      	BCF        PORTC, 3
;Traffic_Light.c,82 :: 		trisa.B4=1;
0x0112	0x1683      	BSF        STATUS, 5
0x0113	0x1605      	BSF        TRISA, 4
;Traffic_Light.c,83 :: 		adcon1=7;  trisa.b0=1;   trisa.b1=1;   trisa.b2=1;
0x0114	0x3007      	MOVLW      7
0x0115	0x009F      	MOVWF      ADCON1
0x0116	0x1405      	BSF        TRISA, 0
0x0117	0x1485      	BSF        TRISA, 1
0x0118	0x1505      	BSF        TRISA, 2
;Traffic_Light.c,84 :: 		porta.b0=0;  porta.b1=0;  porta.b2=0;
0x0119	0x1283      	BCF        STATUS, 5
0x011A	0x1005      	BCF        PORTA, 0
0x011B	0x1085      	BCF        PORTA, 1
0x011C	0x1105      	BCF        PORTA, 2
;Traffic_Light.c,86 :: 		while(porta.b4);
L_main34:
0x011D	0x1E05      	BTFSS      PORTA, 4
0x011E	0x2920      	GOTO       L_main35
0x011F	0x291D      	GOTO       L_main34
L_main35:
;Traffic_Light.c,87 :: 		automatic();
0x0120	0x20BA      	CALL       _automatic
;Traffic_Light.c,88 :: 		manual();
0x0121	0x20D3      	CALL       _manual
;Traffic_Light.c,89 :: 		}
L_end_main:
0x0122	0x2922      	GOTO       $+0
; end of _main
;Traffic_Light.c,0 :: ?ICScounter_arr_L0
0x0123	0x3400 ;?ICScounter_arr_L0+0
0x0124	0x3400 ;?ICScounter_arr_L0+1
0x0125	0x3401 ;?ICScounter_arr_L0+2
0x0126	0x3400 ;?ICScounter_arr_L0+3
0x0127	0x3402 ;?ICScounter_arr_L0+4
0x0128	0x3400 ;?ICScounter_arr_L0+5
0x0129	0x3403 ;?ICScounter_arr_L0+6
0x012A	0x3400 ;?ICScounter_arr_L0+7
0x012B	0x3404 ;?ICScounter_arr_L0+8
0x012C	0x3400 ;?ICScounter_arr_L0+9
0x012D	0x3405 ;?ICScounter_arr_L0+10
0x012E	0x3400 ;?ICScounter_arr_L0+11
0x012F	0x3406 ;?ICScounter_arr_L0+12
0x0130	0x3400 ;?ICScounter_arr_L0+13
0x0131	0x3407 ;?ICScounter_arr_L0+14
0x0132	0x3400 ;?ICScounter_arr_L0+15
0x0133	0x3408 ;?ICScounter_arr_L0+16
0x0134	0x3400 ;?ICScounter_arr_L0+17
0x0135	0x3409 ;?ICScounter_arr_L0+18
0x0136	0x3400 ;?ICScounter_arr_L0+19
0x0137	0x3410 ;?ICScounter_arr_L0+20
0x0138	0x3400 ;?ICScounter_arr_L0+21
0x0139	0x3411 ;?ICScounter_arr_L0+22
0x013A	0x3400 ;?ICScounter_arr_L0+23
0x013B	0x3412 ;?ICScounter_arr_L0+24
0x013C	0x3400 ;?ICScounter_arr_L0+25
0x013D	0x3413 ;?ICScounter_arr_L0+26
0x013E	0x3400 ;?ICScounter_arr_L0+27
0x013F	0x3414 ;?ICScounter_arr_L0+28
0x0140	0x3400 ;?ICScounter_arr_L0+29
0x0141	0x3415 ;?ICScounter_arr_L0+30
0x0142	0x3400 ;?ICScounter_arr_L0+31
0x0143	0x3416 ;?ICScounter_arr_L0+32
0x0144	0x3400 ;?ICScounter_arr_L0+33
0x0145	0x3417 ;?ICScounter_arr_L0+34
0x0146	0x3400 ;?ICScounter_arr_L0+35
0x0147	0x3418 ;?ICScounter_arr_L0+36
0x0148	0x3400 ;?ICScounter_arr_L0+37
0x0149	0x3419 ;?ICScounter_arr_L0+38
0x014A	0x3400 ;?ICScounter_arr_L0+39
0x014B	0x3420 ;?ICScounter_arr_L0+40
0x014C	0x3400 ;?ICScounter_arr_L0+41
0x014D	0x3421 ;?ICScounter_arr_L0+42
0x014E	0x3400 ;?ICScounter_arr_L0+43
0x014F	0x3422 ;?ICScounter_arr_L0+44
0x0150	0x3400 ;?ICScounter_arr_L0+45
0x0151	0x3423 ;?ICScounter_arr_L0+46
0x0152	0x3400 ;?ICScounter_arr_L0+47
; end of ?ICScounter_arr_L0
Symbol List:
//** Routines locations **
//ADDRESS    SIZE    PROCEDURE
//----------------------------------------------
0x0003       [7]    _____DoICP
0x000A      [12]    ___CC2DW
0x0016     [164]    _counter
0x00BA      [25]    _automatic
0x00D3      [44]    _manual
0x00FF      [36]    _main
//** Variables locations ** 
//ADDRESS    SIZE    VARIABLE
//----------------------------------------------
0x0000       [1]    INDF
0x0002       [1]    PCL
0x0003       [1]    STATUS
0x0004       [1]    FSR
0x0005       [1]    PORTA
0x0006       [1]    PORTB
0x0007       [1]    PORTC
0x0008       [1]    PORTD
0x000A       [1]    PCLATH
0x0020       [2]    ___DoICPAddr
0x0022       [2]    FARG_counter_c
0x0024       [2]    FARG_counter_x
0x0026      [48]    counter_arr_L0
0x0070       [1]    R0
0x0071       [1]    R1
0x0072       [1]    R2
0x0073       [1]    R3
0x0074       [1]    R4
0x0075       [1]    R5
0x0076       [1]    R6
0x0077       [1]    R7
0x0078       [1]    R8
0x0079       [1]    R9
0x007A       [1]    R10
0x007B       [1]    R11
0x007C       [1]    R12
0x007D       [1]    R13
0x007E       [1]    R14
0x007F       [1]    R15
0x0085       [1]    TRISA
0x0086       [1]    TRISB
0x0087       [1]    TRISC
0x0088       [1]    TRISD
0x009F       [1]    ADCON1
//** Constants locations ** 
//ADDRESS    SIZE    CONSTANT
//----------------------------------------------
0x0123      [48]    ?ICScounter_arr_L0
